PLINK v1.90b3 64-bit (11 Jan 2015)
9 arguments: --autosome-num 37 --bfile NLUK --keep NLUK_bill_length_birds.txt --make-bed --out NLUK_bill_length_birds
Hostname: C02R10QDGG7N
Working directory: /Users/x0504807/Documents/Research/NLUK_selection
Start time: Wed May 18 17:10:58 2016

Random number seed: 1463587858
8192 MB RAM detected; reserving 4096 MB for main workspace.
485122 variants loaded from .bim file.
3015 samples (76 males, 2170 females, 769 ambiguous) loaded from .fam.
Ambiguous sex IDs written to NLUK_bill_length_birds.nosex .
1681 phenotype values loaded from .fam.
--keep: 88 samples remaining.
Using 1 thread (no multithreaded calculations invoked).
Before main variant filters, 68 founders and 20 nonfounders present.
Calculating allele frequencies... done.
Total genotyping rate in remaining samples is 0.993748.
485122 variants and 88 samples pass filters and QC.
Phenotype data is quantitative.
--make-bed to NLUK_bill_length_birds.bed + NLUK_bill_length_birds.bim +
NLUK_bill_length_birds.fam ... done.

End time: Wed May 18 17:10:59 2016
